* using log directory ‘/home/tomnl/code/msPurity/..Rcheck’
* using R version 3.4.4 (2018-03-15)
* using platform: x86_64-pc-linux-gnu (64-bit)
* using session charset: UTF-8
* checking for file ‘./DESCRIPTION’ ... OK
* checking extension type ... Package
* this is package ‘msPurity’ version ‘1.5.1’
* checking package namespace information ... OK
* checking package dependencies ... OK
* checking if this is a source package ... OK
* checking if there is a namespace ... OK
* checking for executable files ... OK
* checking for hidden files and directories ... NOTE
Found the following hidden files and directories:
  .Rhistory
  .gitignore
  .travis.yml
  ..Rcheck
  .Rproj.user
  .git
These were most likely included in error. See section ‘Package
structure’ in the ‘Writing R Extensions’ manual.
* checking for portable file names ... OK
* checking for sufficient/correct file permissions ... OK
* checking whether package ‘msPurity’ can be installed ... OK
* checking installed package size ... OK
* checking package directory ... OK
* checking DESCRIPTION meta-information ... NOTE
Checking should be performed on sources prepared by ‘R CMD build’.
* checking top-level files ... OK
* checking for left-over files ... OK
* checking index information ... OK
* checking package subdirectories ... WARNING
Found the following directory with the name of a check directory:
  ./..Rcheck
Most likely, these were included erroneously.
* checking R files for non-ASCII characters ... OK
* checking R files for syntax errors ... OK
* checking whether the package can be loaded ... OK
* checking whether the package can be loaded with stated dependencies ... OK
* checking whether the package can be unloaded cleanly ... OK
* checking whether the namespace can be loaded with stated dependencies ... OK
* checking whether the namespace can be unloaded cleanly ... OK
* checking loading without being on the library search path ... OK
* checking dependencies in R code ... NOTE
Package in Depends field not imported from: ‘Rcpp’
  These packages need to be imported from (in the NAMESPACE file)
  for when this namespace is loaded but not attached.
package 'methods' is used but not declared
* checking S3 generic/method consistency ... OK
* checking replacement functions ... OK
* checking foreign function calls ... OK
* checking R code for possible problems ... NOTE
CV: no visible global function definition for ‘sd’
Getfiles: no visible global function definition for ‘fix’
assessPuritySingle: no visible binding for global variable ‘parallel’
averageCluster: no visible global function definition for ‘sd’
averageCluster: no visible global function definition for ‘median’
averageSpectraSingle: no visible binding for global variable ‘scanid’
covar: no visible global function definition for ‘sd’
dimsPredictPuritySingle: no visible global function definition for
  ‘read.csv’
dimsPredictPuritySingleMz: no visible global function definition for
  ‘png’
dimsPredictPuritySingleMz: no visible binding for global variable
  ‘mtchi’
dimsPredictPuritySingleMz: no visible binding for global variable
  ‘alli’
dimsPredictPuritySingleMz: no visible global function definition for
  ‘points’
dimsPredictPuritySingleMz: no visible binding for global variable
  ‘mtch’
dimsPredictPuritySingleMz: no visible global function definition for
  ‘text’
dimsPredictPuritySingleMz: no visible global function definition for
  ‘dev.off’
dimsPredictPuritySingleMz: no visible global function definition for
  ‘median’
dimsPredictPuritySingleMz: no visible global function definition for
  ‘sd’
export_2_sqlite: no visible global function definition for ‘read.table’
export_2_sqlite: no visible global function definition for ‘read.csv’
get_group_peak_link: no visible global function definition for
  ‘groupval’
get_topn: no visible binding for global variable ‘topn’
groupPeaksEx: no visible binding for global variable ‘median’
iwNormGauss: no visible global function definition for ‘dnorm’
iwNormGauss: no visible global function definition for ‘approxfun’
iwNormQE.5: no visible global function definition for ‘approxfun’
iwNormRcosine: no visible global function definition for ‘approxfun’
linearPurity: no visible global function definition for ‘approxfun’
medGroup: no visible binding for global variable ‘median’
median_match_results: no visible global function definition for
  ‘median’
msfrProcess: no visible global function definition for ‘read.csv’
performHc: no visible global function definition for ‘dist’
performHc: no visible global function definition for ‘as.dist’
plotPurity: no visible global function definition for ‘png’
plotPurity: no visible binding for global variable ‘idx’
plotPurity: no visible binding for global variable ‘purity’
plotPurity: no visible binding for global variable ‘variable’
plotPurity: no visible global function definition for ‘dev.off’
plotPurity: no visible global function definition for ‘write.csv’
pp4file: no visible global function definition for ‘png’
pp4file: no visible global function definition for ‘plot’
pp4file: no visible global function definition for ‘lines’
pp4file: no visible global function definition for ‘legend’
pp4file: no visible global function definition for ‘abline’
pp4file: no visible global function definition for ‘dev.off’
pp4file: no visible global function definition for ‘median’
predictPurityLCMSloop: no visible global function definition for
  ‘median’
predictPurityLCMSloop : <anonymous>: no visible global function
  definition for ‘na.omit’
predictPurityLCMSloop : <anonymous>: no visible global function
  definition for ‘median’
predictPurityLCMSloop : <anonymous>: no visible global function
  definition for ‘sd’
purityA: no visible binding for global variable ‘i’
removeIsotopes: no visible global function definition for ‘write.csv’
rsde: no visible global function definition for ‘sd’
snrFilter: no visible global function definition for ‘median’
stde: no visible global function definition for ‘sd’
stderror: no visible global function definition for ‘sd’
xcmsGroupPurity: no visible binding for global variable ‘median’
xcmsGroupPurity: no visible global function definition for ‘median’
averageSpectra,purityD: no visible binding for global variable ‘i’
subtract,purityD: no visible binding for global variable ‘i’
validate,purityA: no visible global function definition for ‘head’
writeOut,purityD: no visible global function definition for ‘write.csv’
Undefined global functions or variables:
  abline alli approxfun as.dist dev.off dist dnorm fix groupval head i
  idx legend lines median mtch mtchi na.omit parallel plot png points
  purity read.csv read.table scanid sd text topn variable write.csv
Consider adding
  importFrom("grDevices", "dev.off", "png")
  importFrom("graphics", "abline", "legend", "lines", "plot", "points",
             "text")
  importFrom("stats", "approxfun", "as.dist", "dist", "dnorm", "median",
             "na.omit", "sd")
  importFrom("utils", "fix", "head", "read.csv", "read.table",
             "write.csv")
to your NAMESPACE file.
* checking Rd files ... OK
* checking Rd metadata ... OK
* checking Rd cross-references ... OK
* checking for missing documentation entries ... OK
* checking for code/documentation mismatches ... WARNING
Codoc mismatches from documentation object 'averageSpectraSingle':
averageSpectraSingle
  Code: function(filePth, rtscn = "all", scanRange = NA, timeRange =
                 NA, clustType = "hc", ppm = 1.5, snthr = 3, cores = 1,
                 av = "median", missingV = "ignore", minfrac = 0.6667,
                 snMeth = "median", csvFile = FALSE, normTIC = FALSE,
                 mzRback = "pwiz", MSFileReader = FALSE)
  Docs: function(filePth, rtscn = "all", scanRange = NA, timeRange =
                 NA, clustType = "hc", ppm = 1.5, snthr = 3, cores = 1,
                 av = "median", missingV = "ignore", minfrac = 0.6667,
                 snMeth = "median", MSFileReader = FALSE, normTIC =
                 FALSE, mzRback = "pwiz")
  Argument names in code not in docs:
    csvFile
  Mismatches in argument names:
    Position: 13 Code: csvFile Docs: MSFileReader

* checking Rd \usage sections ... OK
* checking Rd contents ... OK
* checking for unstated dependencies in examples ... OK
* checking files in ‘vignettes’ ... WARNING
Files in the 'vignettes' directory but no files in 'inst/doc':
  ‘msPurity-spectral-matching-vignette.R’,
    ‘msPurity-spectral-matching-vignette.Rmd’,
    ‘msPurity-spectral-matching-vignette.html’, ‘msPurity-vignette.R’,
    ‘msPurity-vignette.Rmd’, ‘msPurity-vignette.html’,
    ‘msPurity.Rproj’, ‘mspurity.bib’
* checking examples ... ERROR
Running examples in ‘msPurity-Ex.R’ failed
The error most likely occurred in:

> ### Name: spectral_matching
> ### Title: Spectral matching
> ### Aliases: spectral_matching
> 
> ### ** Examples
> 
> msmsPths <- list.files(system.file("extdata", "lcms", "mzML", package="msPurityData"), full.names = TRUE, pattern = "MSMS")
> xset <- xcms::xcmsSet(msmsPths, nSlaves = 1)
Use of argument 'nSlaves' is deprecated, please use 'BPPARAM' instead.
Loading required package: xcms
Loading required package: Biobase
Loading required package: BiocGenerics
Loading required package: parallel

Attaching package: ‘BiocGenerics’

The following objects are masked from ‘package:parallel’:

    clusterApply, clusterApplyLB, clusterCall, clusterEvalQ,
    clusterExport, clusterMap, parApply, parCapply, parLapply,
    parLapplyLB, parRapply, parSapply, parSapplyLB

The following objects are masked from ‘package:stats’:

    IQR, mad, sd, var, xtabs

The following objects are masked from ‘package:base’:

    Filter, Find, Map, Position, Reduce, anyDuplicated, append,
    as.data.frame, cbind, colMeans, colSums, colnames, do.call,
    duplicated, eval, evalq, get, grep, grepl, intersect, is.unsorted,
    lapply, lengths, mapply, match, mget, order, paste, pmax, pmax.int,
    pmin, pmin.int, rank, rbind, rowMeans, rowSums, rownames, sapply,
    setdiff, sort, table, tapply, union, unique, unsplit, which,
    which.max, which.min

Welcome to Bioconductor

    Vignettes contain introductory material; view with
    'browseVignettes()'. To cite Bioconductor, see
    'citation("Biobase")', and for packages 'citation("pkgname")'.

Loading required package: BiocParallel
Loading required package: MSnbase
Loading required package: mzR
Loading required package: ProtGenerics

This is MSnbase version 2.4.2 
  Visit https://lgatto.github.io/MSnbase/ to get started.


Attaching package: ‘MSnbase’

The following object is masked from ‘package:stats’:

    smooth

The following object is masked from ‘package:base’:

    trimws


This is xcms version 3.0.2 


Attaching package: ‘xcms’

The following object is masked from ‘package:stats’:

    sigma

> xset <- xcms::group(xset)
Processing 3163 mz slices ... OK
> xset <- xcms::retcor(xset)
Performing retention time correction using 351 peak groups.
> xset <- xcms::group(xset)
Processing 3163 mz slices ... OK
> 
> pa  <- purityA(msmsPths)
> pa <- frag4feature(pa, xset)
> #NOTE that scan_ids here are refer the unique scan id calculated by purityA (pids).
> #Only required if you want to limit the spectral matching to certain scans
> result <- spectral_matching(pa@db_path, scan_ids = c(1120,  366, 1190, 601,  404,1281, 1323, 1289))
Running msPurity spectral matching function for LC-MS(/MS) data
Error in if (is.na(target_db_pth)) { : argument is of length zero
Calls: spectral_matching
Execution halted
* checking for unstated dependencies in ‘tests’ ... OK
* checking tests ... OK
  Running ‘testthat.R’
* checking for unstated dependencies in vignettes ... OK
* checking package vignettes in ‘inst/doc’ ... WARNING
Package vignettes without corresponding PDF/HTML:
   ‘msPurity-spectral-matching-vignette.Rmd’
   ‘msPurity-vignette.Rmd’

* checking running R code from vignettes ... NONE
* checking re-building of vignette outputs ... OK
* checking PDF version of manual ... WARNING
LaTeX errors when creating PDF version.
This typically indicates Rd problems.
* checking PDF version of manual without hyperrefs or index ... ERROR
Re-running with no redirection of stdout/stderr.
* DONE
Status: 2 ERRORs, 5 WARNINGs, 4 NOTEs
